<?xml version="1.0" encoding="UTF-8"?>
<testng-results ignored="0" total="2" passed="2" failed="0" skipped="0">
  <reporter-output>
  </reporter-output>
  <suite started-at="2023-08-05T06:06:26Z" name="Default suite" finished-at="2023-08-05T06:06:35Z" duration-ms="9516">
    <groups>
    </groups>
    <test started-at="2023-08-05T06:06:26Z" name="Default test" finished-at="2023-08-05T06:06:35Z" duration-ms="9516">
      <class name="test.LoginPageTest">
        <test-method is-config="true" signature="setUp()[pri:0, instance:test.LoginPageTest@1d483de4]" started-at="2023-08-05T06:06:26Z" name="setUp" finished-at="2023-08-05T06:06:29Z" duration-ms="2713" status="PASS">
          <reporter-output>
          </reporter-output>
        </test-method> <!-- setUp -->
        <test-method signature="loginTest()[pri:0, instance:test.LoginPageTest@1d483de4]" started-at="2023-08-05T06:06:29Z" name="loginTest" finished-at="2023-08-05T06:06:31Z" duration-ms="2133" status="PASS">
          <reporter-output>
          </reporter-output>
        </test-method> <!-- loginTest -->
        <test-method is-config="true" signature="tearDown()[pri:0, instance:test.LoginPageTest@1d483de4]" started-at="2023-08-05T06:06:31Z" name="tearDown" finished-at="2023-08-05T06:06:31Z" duration-ms="510" status="PASS">
          <reporter-output>
          </reporter-output>
        </test-method> <!-- tearDown -->
        <test-method is-config="true" signature="setUp()[pri:0, instance:test.LoginPageTest@1d483de4]" started-at="2023-08-05T06:06:31Z" name="setUp" finished-at="2023-08-05T06:06:33Z" duration-ms="1999" status="PASS">
          <reporter-output>
          </reporter-output>
        </test-method> <!-- setUp -->
        <test-method signature="pageTitleTest()[pri:0, instance:test.LoginPageTest@1d483de4]" started-at="2023-08-05T06:06:33Z" name="pageTitleTest" finished-at="2023-08-05T06:06:35Z" duration-ms="1645" status="PASS">
          <reporter-output>
          </reporter-output>
        </test-method> <!-- pageTitleTest -->
        <test-method is-config="true" signature="tearDown()[pri:0, instance:test.LoginPageTest@1d483de4]" started-at="2023-08-05T06:06:35Z" name="tearDown" finished-at="2023-08-05T06:06:35Z" duration-ms="477" status="PASS">
          <reporter-output>
          </reporter-output>
        </test-method> <!-- tearDown -->
      </class> <!-- test.LoginPageTest -->
    </test> <!-- Default test -->
  </suite> <!-- Default suite -->
</testng-results>
